0 info it worked if it ends with ok
1 verbose cli [ '/usr/local/Cellar/node/5.3.0/bin/node',
1 verbose cli   '/usr/local/bin/npm',
1 verbose cli   'install',
1 verbose cli   '-g',
1 verbose cli   'gitbook-cli' ]
2 info using npm@3.3.12
3 info using node@v5.3.0
4 silly loadCurrentTree Starting
5 silly install loadCurrentTree
6 silly install readGlobalPackageData
7 silly fetchPackageMetaData gitbook-cli
8 silly fetchNamedPackageData gitbook-cli
9 silly mapToRegistry name gitbook-cli
10 silly mapToRegistry using default registry
11 silly mapToRegistry registry https://registry.npmjs.org/
12 silly mapToRegistry uri https://registry.npmjs.org/gitbook-cli
13 verbose request uri https://registry.npmjs.org/gitbook-cli
14 verbose request no auth needed
15 info attempt registry request try #1 at 3:51:48 PM
16 verbose request id 1ec4e5c002e7c1df
17 http request GET https://registry.npmjs.org/gitbook-cli
18 info retry will retry, error on last attempt: Error: socket hang up
19 info attempt registry request try #2 at 3:53:23 PM
20 http request GET https://registry.npmjs.org/gitbook-cli
21 info retry will retry, error on last attempt: Error: socket hang up
22 info attempt registry request try #3 at 3:55:26 PM
23 http request GET https://registry.npmjs.org/gitbook-cli
24 silly fetchPackageMetaData Error: socket hang up
24 silly fetchPackageMetaData     at TLSSocket.onHangUp (_tls_wrap.js:1089:19)
24 silly fetchPackageMetaData     at TLSSocket.g (events.js:260:16)
24 silly fetchPackageMetaData     at emitNone (events.js:72:20)
24 silly fetchPackageMetaData     at TLSSocket.emit (events.js:166:7)
24 silly fetchPackageMetaData     at endReadableNT (_stream_readable.js:905:12)
24 silly fetchPackageMetaData     at nextTickCallbackWith2Args (node.js:455:9)
24 silly fetchPackageMetaData     at process._tickCallback (node.js:369:17)
24 silly fetchPackageMetaData  error for gitbook-cli { [Error: socket hang up] code: 'ECONNRESET' }
25 silly rollbackFailedOptional Starting
26 silly rollbackFailedOptional Finishing
27 silly runTopLevelLifecycles Starting
28 silly runTopLevelLifecycles Finishing
29 silly install printInstalled
30 verbose stack Error: socket hang up
30 verbose stack     at TLSSocket.onHangUp (_tls_wrap.js:1089:19)
30 verbose stack     at TLSSocket.g (events.js:260:16)
30 verbose stack     at emitNone (events.js:72:20)
30 verbose stack     at TLSSocket.emit (events.js:166:7)
30 verbose stack     at endReadableNT (_stream_readable.js:905:12)
30 verbose stack     at nextTickCallbackWith2Args (node.js:455:9)
30 verbose stack     at process._tickCallback (node.js:369:17)
31 verbose cwd /Users/sdq/Desktop/talk-guide
32 error Darwin 15.3.0
33 error argv "/usr/local/Cellar/node/5.3.0/bin/node" "/usr/local/bin/npm" "install" "-g" "gitbook-cli"
34 error node v5.3.0
35 error npm  v3.3.12
36 error code ECONNRESET
37 error network socket hang up
37 error network This is most likely not a problem with npm itself
37 error network and is related to network connectivity.
37 error network In most cases you are behind a proxy or have bad network settings.
37 error network
37 error network If you are behind a proxy, please make sure that the
37 error network 'proxy' config is set properly.  See: 'npm help config'
38 verbose exit [ 1, true ]
